{
  "0 debug pnpm:scope": {
    "selected": 1,
    "workspacePrefix": "/Users/alan/Projects/paperlog"
  },
  "1 error pnpm": {
    "errno": 1,
    "code": "ELIFECYCLE",
    "pkgid": "paperlog@1.0.0",
    "stage": "test",
    "script": "echo \"Error: no test specified\" && exit 1",
    "pkgname": "paperlog",
    "err": {
      "name": "pnpm",
      "message": "paperlog@1.0.0 test: `echo \"Error: no test specified\" && exit 1`\nExit status 1",
      "code": "ELIFECYCLE",
      "stack": "pnpm: paperlog@1.0.0 test: `echo \"Error: no test specified\" && exit 1`\nExit status 1\n    at EventEmitter.<anonymous> (/Users/alan/.asdf/installs/nodejs/16.14.0/.npm/pnpm-global/5/node_modules/.pnpm/pnpm@7.0.0/node_modules/pnpm/dist/pnpm.cjs:106732:20)\n    at EventEmitter.emit (node:events:520:28)\n    at ChildProcess.<anonymous> (/Users/alan/.asdf/installs/nodejs/16.14.0/.npm/pnpm-global/5/node_modules/.pnpm/pnpm@7.0.0/node_modules/pnpm/dist/pnpm.cjs:93301:18)\n    at ChildProcess.emit (node:events:520:28)\n    at maybeClose (node:internal/child_process:1092:16)\n    at Process.ChildProcess._handle.onexit (node:internal/child_process:302:5)"
    }
  },
  "2 warn pnpm:global": " Local package.json exists, but node_modules missing, did you mean to install?"
}